<?xml version="1.0" encoding="UTF-8" ?>
<testsuite tests="1" failures="0" name="stepdefinitions.TestRunner" time="0.005" errors="1" skipped="0">
  <properties>
[...]
</properties>
  <testcase classname="stepdefinitions.TestRunner" name="initializationError" time="0.005">
    <error message="Failed to parse resource at: file:///home/coder/project/workspace/Cucumber/src/test/features/feedback.feature" type="io.cucumber.core.gherkin.FeatureParserException">io.cucumber.core.gherkin.FeatureParserException: Failed to parse resource at: file:///home/coder/project/workspace/Cucumber/src/test/features/feedback.feature
	at io.cucumber.core.gherkin.vintage.GherkinVintageFeatureParser.parseGherkin5(GherkinVintageFeatureParser.java:40)
	at io.cucumber.core.gherkin.vintage.GherkinVintageFeatureParser.parse(GherkinVintageFeatureParser.java:58)
	at io.cucumber.core.feature.FeatureParser.parseResource(FeatureParser.java:44)
	at java.base/java.util.function.BiFunction.lambda$andThen$0(BiFunction.java:70)
	at io.cucumber.core.resource.ResourceScanner.lambda$processResource$2(ResourceScanner.java:126)
	at io.cucumber.core.resource.PathScanner$ResourceFileVisitor.visitFile(PathScanner.java:67)
	at io.cucumber.core.resource.PathScanner$ResourceFileVisitor.visitFile(PathScanner.java:52)
	at java.base/java.nio.file.Files.walkFileTree(Files.java:2725)
	at java.base/java.nio.file.Files.walkFileTree(Files.java:2797)
	at io.cucumber.core.resource.PathScanner.findResourcesForPath(PathScanner.java:46)
	at io.cucumber.core.resource.PathScanner.findResourcesForUri(PathScanner.java:26)
	at io.cucumber.core.resource.ResourceScanner.findResourcesForUri(ResourceScanner.java:109)
	at io.cucumber.core.resource.ResourceScanner.scanForResourcesUri(ResourceScanner.java:86)
	at io.cucumber.core.runtime.FeaturePathFeatureSupplier.loadFeatures(FeaturePathFeatureSupplier.java:61)
	at io.cucumber.core.runtime.FeaturePathFeatureSupplier.get(FeaturePathFeatureSupplier.java:45)
	at io.cucumber.junit.Cucumber.&lt;init&gt;(Cucumber.java:156)
	at java.base/jdk.internal.reflect.NativeConstructorAccessorImpl.newInstance0(Native Method)
	at java.base/jdk.internal.reflect.NativeConstructorAccessorImpl.newInstance(NativeConstructorAccessorImpl.java:62)
	at java.base/jdk.internal.reflect.DelegatingConstructorAccessorImpl.newInstance(DelegatingConstructorAccessorImpl.java:45)
	at java.base/java.lang.reflect.Constructor.newInstance(Constructor.java:490)
	at org.junit.internal.builders.AnnotatedBuilder.buildRunner(AnnotatedBuilder.java:31)
	at org.junit.internal.builders.AnnotatedBuilder.runnerForClass(AnnotatedBuilder.java:24)
	at org.junit.runners.model.RunnerBuilder.safeRunnerForClass(RunnerBuilder.java:57)
	at org.junit.internal.builders.AllDefaultPossibilitiesBuilder.runnerForClass(AllDefaultPossibilitiesBuilder.java:29)
	at org.junit.runners.model.RunnerBuilder.safeRunnerForClass(RunnerBuilder.java:57)
	at org.junit.internal.requests.ClassRequest.getRunner(ClassRequest.java:24)
	at org.apache.maven.surefire.junit4.JUnit4Provider.execute(JUnit4Provider.java:250)
	at org.apache.maven.surefire.junit4.JUnit4Provider.executeTestSet(JUnit4Provider.java:141)
	at org.apache.maven.surefire.junit4.JUnit4Provider.invoke(JUnit4Provider.java:112)
	at java.base/jdk.internal.reflect.NativeMethodAccessorImpl.invoke0(Native Method)
	at java.base/jdk.internal.reflect.NativeMethodAccessorImpl.invoke(NativeMethodAccessorImpl.java:62)
	at java.base/jdk.internal.reflect.DelegatingMethodAccessorImpl.invoke(DelegatingMethodAccessorImpl.java:43)
	at java.base/java.lang.reflect.Method.invoke(Method.java:566)
	at org.apache.maven.surefire.util.ReflectionUtils.invokeMethodWithArray(ReflectionUtils.java:189)
	at org.apache.maven.surefire.booter.ProviderFactory$ProviderProxy.invoke(ProviderFactory.java:165)
	at org.apache.maven.surefire.booter.ProviderFactory.invokeProvider(ProviderFactory.java:85)
	at org.apache.maven.surefire.booter.ForkedBooter.runSuitesInProcess(ForkedBooter.java:115)
	at org.apache.maven.surefire.booter.ForkedBooter.main(ForkedBooter.java:75)
Caused by: io.cucumber.core.gherkin.vintage.internal.gherkin.ParserException$CompositeParserException: Parser errors:
(1:1): expected: #EOF, #Language, #TagLine, #FeatureLine, #Comment, #Empty, got &apos;package stepdefinitions;&apos;
(3:1): expected: #EOF, #Language, #TagLine, #FeatureLine, #Comment, #Empty, got &apos;import io.cucumber.junit.Cucumber;&apos;
(4:1): expected: #EOF, #Language, #TagLine, #FeatureLine, #Comment, #Empty, got &apos;import io.cucumber.junit.CucumberOptions;&apos;
(5:1): expected: #EOF, #Language, #TagLine, #FeatureLine, #Comment, #Empty, got &apos;import org.junit.runner.RunWith;&apos;
(9:1): expected: #TagLine, #FeatureLine, #Comment, #Empty, got &apos;public class TestRunner {&apos;
(10:1): expected: #TagLine, #FeatureLine, #Comment, #Empty, got &apos;}&apos;
(11:0): unexpected end of file, expected: #TagLine, #FeatureLine, #Comment, #Empty
	at io.cucumber.core.gherkin.vintage.internal.gherkin.Parser.parse(Parser.java:143)
	at io.cucumber.core.gherkin.vintage.internal.gherkin.Parser.parse(Parser.java:118)
	at io.cucumber.core.gherkin.vintage.internal.gherkin.Parser.parse(Parser.java:114)
	at io.cucumber.core.gherkin.vintage.GherkinVintageFeatureParser.parseGherkin5(GherkinVintageFeatureParser.java:29)
	... 37 more
</error>
    <system-err>Aug 30, 2023 12:24:47 PM io.cucumber.junit.Cucumber &lt;init&gt;
WARNING: By default Cucumber is running in --non-strict mode.
This default will change to --strict and --non-strict will be removed.
You can use --strict or @CucumberOptions(strict = true) to suppress this warning
</system-err>
  </testcase>
</testsuite>